<?xml version="1.0" encoding="UTF-8"?>
<coverage generated="1560423197174" clover="3.2.0">
  <project timestamp="1560423197174" name="All files">
    <metrics statements="174" coveredstatements="153" conditionals="42" coveredconditionals="32" methods="70" coveredmethods="55" elements="286" coveredelements="240" complexity="0" loc="174" ncloc="174" packages="5" files="5" classes="5"/>
    <package name="common.errors">
      <metrics statements="12" coveredstatements="5" conditionals="0" coveredconditionals="0" methods="11" coveredmethods="4"/>
      <file name="index.js" path="C:\Users\Edgar\Documents\skylab\bootcamp\collab\skylab-bootcamp-201904\staff\edgar-frias-jimenez\cinema-and-go\cinema-and-go-api\src\common\errors\index.js">
        <metrics statements="12" coveredstatements="5" conditionals="0" coveredconditionals="0" methods="11" coveredmethods="4"/>
        <line num="5" count="12" type="stmt"/>
        <line num="11" count="3" type="stmt"/>
        <line num="17" count="12" type="stmt"/>
        <line num="23" count="0" type="stmt"/>
        <line num="29" count="0" type="stmt"/>
        <line num="35" count="2" type="stmt"/>
        <line num="41" count="0" type="stmt"/>
        <line num="47" count="0" type="stmt"/>
        <line num="53" count="0" type="stmt"/>
        <line num="59" count="0" type="stmt"/>
        <line num="65" count="0" type="stmt"/>
        <line num="69" count="3" type="stmt"/>
      </file>
    </package>
    <package name="common.validate">
      <metrics statements="16" coveredstatements="16" conditionals="20" coveredconditionals="16" methods="4" coveredmethods="4"/>
      <file name="index.js" path="C:\Users\Edgar\Documents\skylab\bootcamp\collab\skylab-bootcamp-201904\staff\edgar-frias-jimenez\cinema-and-go\cinema-and-go-api\src\common\validate\index.js">
        <metrics statements="16" coveredstatements="16" conditionals="20" coveredconditionals="16" methods="4" coveredmethods="4"/>
        <line num="1" count="3" type="stmt"/>
        <line num="3" count="3" type="stmt"/>
        <line num="5" count="97" type="stmt"/>
        <line num="6" count="119" type="cond" truecount="2" falsecount="0"/>
        <line num="7" count="107" type="cond" truecount="2" falsecount="0"/>
        <line num="9" count="105" type="cond" truecount="1" falsecount="1"/>
        <line num="10" count="105" type="cond" truecount="2" falsecount="0"/>
        <line num="11" count="103" type="cond" truecount="2" falsecount="0"/>
        <line num="12" count="2" type="cond" truecount="1" falsecount="1"/>
        <line num="13" count="2" type="cond" truecount="1" falsecount="1"/>
        <line num="14" count="12" type="cond" truecount="1" falsecount="1"/>
        <line num="19" count="3" type="stmt"/>
        <line num="21" count="3" type="cond" truecount="2" falsecount="0"/>
        <line num="25" count="61" type="stmt"/>
        <line num="27" count="61" type="cond" truecount="2" falsecount="0"/>
        <line num="31" count="3" type="stmt"/>
      </file>
    </package>
    <package name="lib.maps">
      <metrics statements="9" coveredstatements="9" conditionals="0" coveredconditionals="0" methods="2" coveredmethods="2"/>
      <file name="index.js" path="C:\Users\Edgar\Documents\skylab\bootcamp\collab\skylab-bootcamp-201904\staff\edgar-frias-jimenez\cinema-and-go\cinema-and-go-api\src\lib\maps\index.js">
        <metrics statements="9" coveredstatements="9" conditionals="0" coveredconditionals="0" methods="2" coveredmethods="2"/>
        <line num="1" count="2" type="stmt"/>
        <line num="2" count="2" type="stmt"/>
        <line num="4" count="2" type="stmt"/>
        <line num="7" count="5" type="stmt"/>
        <line num="11" count="4" type="stmt"/>
        <line num="13" count="3" type="stmt"/>
        <line num="14" count="3" type="stmt"/>
        <line num="15" count="3" type="stmt"/>
        <line num="20" count="2" type="stmt"/>
      </file>
    </package>
    <package name="lib.scrapper">
      <metrics statements="50" coveredstatements="50" conditionals="8" coveredconditionals="8" methods="17" coveredmethods="17"/>
      <file name="index.js" path="C:\Users\Edgar\Documents\skylab\bootcamp\collab\skylab-bootcamp-201904\staff\edgar-frias-jimenez\cinema-and-go\cinema-and-go-api\src\lib\scrapper\index.js">
        <metrics statements="50" coveredstatements="50" conditionals="8" coveredconditionals="8" methods="17" coveredmethods="17"/>
        <line num="1" count="2" type="stmt"/>
        <line num="2" count="2" type="stmt"/>
        <line num="3" count="2" type="stmt"/>
        <line num="5" count="2" type="stmt"/>
        <line num="14" count="58" type="stmt"/>
        <line num="18" count="57" type="stmt"/>
        <line num="20" count="56" type="stmt"/>
        <line num="21" count="56" type="stmt"/>
        <line num="22" count="56" type="stmt"/>
        <line num="27" count="4" type="stmt"/>
        <line num="28" count="4" type="stmt"/>
        <line num="29" count="4" type="stmt"/>
        <line num="53" count="4" type="stmt"/>
        <line num="55" count="4" type="stmt"/>
        <line num="57" count="4" type="stmt"/>
        <line num="58" count="75" type="stmt"/>
        <line num="59" count="75" type="stmt"/>
        <line num="62" count="315" type="cond" truecount="2" falsecount="0"/>
        <line num="64" count="4" type="stmt"/>
        <line num="69" count="53" type="stmt"/>
        <line num="71" count="53" type="stmt"/>
        <line num="72" count="53" type="stmt"/>
        <line num="73" count="53" type="stmt"/>
        <line num="74" count="104" type="cond" truecount="2" falsecount="0"/>
        <line num="76" count="104" type="cond" truecount="2" falsecount="0"/>
        <line num="77" count="3" type="stmt"/>
        <line num="80" count="53" type="stmt"/>
        <line num="82" count="53" type="stmt"/>
        <line num="84" count="53" type="stmt"/>
        <line num="85" count="431" type="stmt"/>
        <line num="87" count="431" type="stmt"/>
        <line num="95" count="431" type="stmt"/>
        <line num="98" count="53" type="stmt"/>
        <line num="116" count="2" type="stmt"/>
        <line num="117" count="2" type="stmt"/>
        <line num="118" count="2" type="stmt"/>
        <line num="120" count="2" type="stmt"/>
        <line num="122" count="2" type="stmt"/>
        <line num="123" count="50" type="stmt"/>
        <line num="124" count="50" type="cond" truecount="2" falsecount="0"/>
        <line num="125" count="4" type="stmt"/>
        <line num="126" count="4" type="stmt"/>
        <line num="128" count="50" type="stmt"/>
        <line num="129" count="50" type="stmt"/>
        <line num="138" count="51" type="stmt"/>
        <line num="139" count="51" type="stmt"/>
        <line num="140" count="51" type="stmt"/>
        <line num="141" count="51" type="stmt"/>
        <line num="142" count="51" type="stmt"/>
        <line num="147" count="2" type="stmt"/>
      </file>
    </package>
    <package name="logic">
      <metrics statements="87" coveredstatements="73" conditionals="14" coveredconditionals="8" methods="36" coveredmethods="28"/>
      <file name="index.js" path="C:\Users\Edgar\Documents\skylab\bootcamp\collab\skylab-bootcamp-201904\staff\edgar-frias-jimenez\cinema-and-go\cinema-and-go-api\src\logic\index.js">
        <metrics statements="87" coveredstatements="73" conditionals="14" coveredconditionals="8" methods="36" coveredmethods="28"/>
        <line num="1" count="1" type="stmt"/>
        <line num="2" count="1" type="stmt"/>
        <line num="3" count="1" type="stmt"/>
        <line num="4" count="1" type="stmt"/>
        <line num="5" count="1" type="stmt"/>
        <line num="6" count="1" type="stmt"/>
        <line num="8" count="1" type="stmt"/>
        <line num="9" count="1" type="stmt"/>
        <line num="11" count="1" type="stmt"/>
        <line num="13" count="14" type="stmt"/>
        <line num="19" count="2" type="stmt"/>
        <line num="21" count="1" type="stmt"/>
        <line num="22" count="1" type="stmt"/>
        <line num="23" count="1" type="cond" truecount="1" falsecount="1"/>
        <line num="25" count="1" type="stmt"/>
        <line num="27" count="1" type="stmt"/>
        <line num="32" count="1" type="stmt"/>
        <line num="37" count="1" type="stmt"/>
        <line num="39" count="1" type="stmt"/>
        <line num="40" count="1" type="stmt"/>
        <line num="41" count="1" type="cond" truecount="1" falsecount="1"/>
        <line num="43" count="1" type="cond" truecount="1" falsecount="1"/>
        <line num="44" count="0" type="stmt"/>
        <line num="49" count="3" type="stmt"/>
        <line num="53" count="3" type="stmt"/>
        <line num="54" count="3" type="stmt"/>
        <line num="55" count="3" type="cond" truecount="2" falsecount="0"/>
        <line num="57" count="2" type="stmt"/>
        <line num="62" count="10" type="stmt"/>
        <line num="67" count="2" type="stmt"/>
        <line num="68" count="2" type="stmt"/>
        <line num="69" count="2" type="stmt"/>
        <line num="71" count="1" type="stmt"/>
        <line num="72" count="1" type="stmt"/>
        <line num="74" count="1" type="stmt"/>
        <line num="77" count="1" type="stmt"/>
        <line num="83" count="6" type="stmt"/>
        <line num="87" count="2" type="stmt"/>
        <line num="88" count="2" type="stmt"/>
        <line num="89" count="1" type="cond" truecount="1" falsecount="1"/>
        <line num="91" count="1" type="stmt"/>
        <line num="96" count="1" type="stmt"/>
        <line num="97" count="1" type="stmt"/>
        <line num="102" count="205" type="stmt"/>
        <line num="103" count="205" type="stmt"/>
        <line num="104" count="205" type="cond" truecount="1" falsecount="1"/>
        <line num="106" count="205" type="stmt"/>
        <line num="108" count="205" type="stmt"/>
        <line num="113" count="204" type="stmt"/>
        <line num="114" count="204" type="stmt"/>
        <line num="119" count="25" type="stmt"/>
        <line num="120" count="25" type="stmt"/>
        <line num="121" count="25" type="cond" truecount="1" falsecount="1"/>
        <line num="123" count="25" type="stmt"/>
        <line num="125" count="25" type="stmt"/>
        <line num="130" count="1" type="stmt"/>
        <line num="131" count="1" type="stmt"/>
        <line num="132" count="1" type="stmt"/>
        <line num="134" count="1" type="stmt"/>
        <line num="136" count="25" type="stmt"/>
        <line num="138" count="203" type="stmt"/>
        <line num="139" count="203" type="stmt"/>
        <line num="140" count="203" type="stmt"/>
        <line num="144" count="25" type="stmt"/>
        <line num="151" count="1" type="stmt"/>
        <line num="152" count="1" type="stmt"/>
        <line num="170" count="0" type="stmt"/>
        <line num="171" count="0" type="stmt"/>
        <line num="173" count="0" type="stmt"/>
        <line num="178" count="0" type="stmt"/>
        <line num="179" count="0" type="stmt"/>
        <line num="191" count="0" type="stmt"/>
        <line num="192" count="0" type="stmt"/>
        <line num="194" count="0" type="stmt"/>
        <line num="199" count="1" type="stmt"/>
        <line num="200" count="1" type="stmt"/>
        <line num="205" count="2" type="stmt"/>
        <line num="207" count="2" type="stmt"/>
        <line num="208" count="2" type="stmt"/>
        <line num="210" count="2" type="stmt"/>
        <line num="212" count="2" type="stmt"/>
        <line num="213" count="0" type="stmt"/>
        <line num="215" count="0" type="stmt"/>
        <line num="220" count="0" type="stmt"/>
        <line num="221" count="0" type="stmt"/>
        <line num="223" count="0" type="stmt"/>
        <line num="229" count="1" type="stmt"/>
      </file>
    </package>
  </project>
</coverage>
