{"C:\\Users\\Edgar\\Documents\\skylab\\bootcamp\\collab\\skylab-bootcamp-201904\\staff\\edgar-frias-jimenez\\cinema-and-go\\cinema-and-go-api\\src\\common\\errors\\index.js": {"path":"C:\\Users\\Edgar\\Documents\\skylab\\bootcamp\\collab\\skylab-bootcamp-201904\\staff\\edgar-frias-jimenez\\cinema-and-go\\cinema-and-go-api\\src\\common\\errors\\index.js","statementMap":{"0":{"start":{"line":5,"column":8},"end":{"line":5,"column":22}},"1":{"start":{"line":11,"column":8},"end":{"line":11,"column":22}},"2":{"start":{"line":17,"column":8},"end":{"line":17,"column":22}},"3":{"start":{"line":23,"column":8},"end":{"line":23,"column":22}},"4":{"start":{"line":29,"column":8},"end":{"line":29,"column":22}},"5":{"start":{"line":35,"column":8},"end":{"line":35,"column":22}},"6":{"start":{"line":41,"column":8},"end":{"line":41,"column":22}},"7":{"start":{"line":47,"column":8},"end":{"line":47,"column":22}},"8":{"start":{"line":53,"column":8},"end":{"line":53,"column":22}},"9":{"start":{"line":59,"column":8},"end":{"line":59,"column":22}},"10":{"start":{"line":65,"column":8},"end":{"line":65,"column":22}},"11":{"start":{"line":69,"column":0},"end":{"line":81,"column":1}}},"fnMap":{"0":{"name":"(anonymous_0)","decl":{"start":{"line":4,"column":4},"end":{"line":4,"column":5}},"loc":{"start":{"line":4,"column":25},"end":{"line":6,"column":5}},"line":4},"1":{"name":"(anonymous_1)","decl":{"start":{"line":10,"column":4},"end":{"line":10,"column":5}},"loc":{"start":{"line":10,"column":25},"end":{"line":12,"column":5}},"line":10},"2":{"name":"(anonymous_2)","decl":{"start":{"line":16,"column":4},"end":{"line":16,"column":5}},"loc":{"start":{"line":16,"column":25},"end":{"line":18,"column":5}},"line":16},"3":{"name":"(anonymous_3)","decl":{"start":{"line":22,"column":4},"end":{"line":22,"column":5}},"loc":{"start":{"line":22,"column":25},"end":{"line":24,"column":5}},"line":22},"4":{"name":"(anonymous_4)","decl":{"start":{"line":28,"column":4},"end":{"line":28,"column":5}},"loc":{"start":{"line":28,"column":25},"end":{"line":30,"column":5}},"line":28},"5":{"name":"(anonymous_5)","decl":{"start":{"line":34,"column":4},"end":{"line":34,"column":5}},"loc":{"start":{"line":34,"column":25},"end":{"line":36,"column":5}},"line":34},"6":{"name":"(anonymous_6)","decl":{"start":{"line":40,"column":4},"end":{"line":40,"column":5}},"loc":{"start":{"line":40,"column":25},"end":{"line":42,"column":5}},"line":40},"7":{"name":"(anonymous_7)","decl":{"start":{"line":46,"column":4},"end":{"line":46,"column":5}},"loc":{"start":{"line":46,"column":25},"end":{"line":48,"column":5}},"line":46},"8":{"name":"(anonymous_8)","decl":{"start":{"line":52,"column":4},"end":{"line":52,"column":5}},"loc":{"start":{"line":52,"column":25},"end":{"line":54,"column":5}},"line":52},"9":{"name":"(anonymous_9)","decl":{"start":{"line":58,"column":4},"end":{"line":58,"column":5}},"loc":{"start":{"line":58,"column":25},"end":{"line":60,"column":5}},"line":58},"10":{"name":"(anonymous_10)","decl":{"start":{"line":64,"column":4},"end":{"line":64,"column":5}},"loc":{"start":{"line":64,"column":25},"end":{"line":66,"column":5}},"line":64}},"branchMap":{},"s":{"0":12,"1":3,"2":12,"3":0,"4":0,"5":2,"6":0,"7":0,"8":0,"9":0,"10":0,"11":3},"f":{"0":12,"1":3,"2":12,"3":0,"4":0,"5":2,"6":0,"7":0,"8":0,"9":0,"10":0},"b":{},"_coverageSchema":"43e27e138ebf9cfc5966b082cf9a028302ed4184","hash":"2f27f8e7af74998058e0f266b09c25620647b99f"}
,"C:\\Users\\Edgar\\Documents\\skylab\\bootcamp\\collab\\skylab-bootcamp-201904\\staff\\edgar-frias-jimenez\\cinema-and-go\\cinema-and-go-api\\src\\common\\validate\\index.js": {"path":"C:\\Users\\Edgar\\Documents\\skylab\\bootcamp\\collab\\skylab-bootcamp-201904\\staff\\edgar-frias-jimenez\\cinema-and-go\\cinema-and-go-api\\src\\common\\validate\\index.js","statementMap":{"0":{"start":{"line":1,"column":54},"end":{"line":1,"column":74}},"1":{"start":{"line":3,"column":17},"end":{"line":29,"column":1}},"2":{"start":{"line":5,"column":8},"end":{"line":15,"column":10}},"3":{"start":{"line":6,"column":12},"end":{"line":14,"column":87}},"4":{"start":{"line":7,"column":16},"end":{"line":7,"column":95}},"5":{"start":{"line":7,"column":43},"end":{"line":7,"column":95}},"6":{"start":{"line":9,"column":16},"end":{"line":13,"column":96}},"7":{"start":{"line":10,"column":20},"end":{"line":13,"column":96}},"8":{"start":{"line":11,"column":24},"end":{"line":11,"column":90}},"9":{"start":{"line":11,"column":50},"end":{"line":11,"column":90}},"10":{"start":{"line":12,"column":27},"end":{"line":13,"column":96}},"11":{"start":{"line":13,"column":24},"end":{"line":13,"column":96}},"12":{"start":{"line":13,"column":56},"end":{"line":13,"column":96}},"13":{"start":{"line":14,"column":19},"end":{"line":14,"column":87}},"14":{"start":{"line":14,"column":34},"end":{"line":14,"column":87}},"15":{"start":{"line":19,"column":19},"end":{"line":19,"column":172}},"16":{"start":{"line":21,"column":8},"end":{"line":21,"column":87}},"17":{"start":{"line":21,"column":37},"end":{"line":21,"column":87}},"18":{"start":{"line":25,"column":19},"end":{"line":25,"column":102}},"19":{"start":{"line":27,"column":8},"end":{"line":27,"column":79}},"20":{"start":{"line":27,"column":35},"end":{"line":27,"column":79}},"21":{"start":{"line":31,"column":0},"end":{"line":31,"column":25}}},"fnMap":{"0":{"name":"(anonymous_0)","decl":{"start":{"line":4,"column":4},"end":{"line":4,"column":5}},"loc":{"start":{"line":4,"column":20},"end":{"line":16,"column":5}},"line":4},"1":{"name":"(anonymous_1)","decl":{"start":{"line":5,"column":21},"end":{"line":5,"column":22}},"loc":{"start":{"line":5,"column":68},"end":{"line":15,"column":9}},"line":5},"2":{"name":"(anonymous_2)","decl":{"start":{"line":18,"column":4},"end":{"line":18,"column":5}},"loc":{"start":{"line":18,"column":17},"end":{"line":22,"column":5}},"line":18},"3":{"name":"(anonymous_3)","decl":{"start":{"line":24,"column":4},"end":{"line":24,"column":5}},"loc":{"start":{"line":24,"column":13},"end":{"line":28,"column":5}},"line":24}},"branchMap":{"0":{"loc":{"start":{"line":6,"column":12},"end":{"line":14,"column":87}},"type":"if","locations":[{"start":{"line":6,"column":12},"end":{"line":14,"column":87}},{"start":{"line":6,"column":12},"end":{"line":14,"column":87}}],"line":6},"1":{"loc":{"start":{"line":7,"column":16},"end":{"line":7,"column":95}},"type":"if","locations":[{"start":{"line":7,"column":16},"end":{"line":7,"column":95}},{"start":{"line":7,"column":16},"end":{"line":7,"column":95}}],"line":7},"2":{"loc":{"start":{"line":9,"column":16},"end":{"line":13,"column":96}},"type":"if","locations":[{"start":{"line":9,"column":16},"end":{"line":13,"column":96}},{"start":{"line":9,"column":16},"end":{"line":13,"column":96}}],"line":9},"3":{"loc":{"start":{"line":10,"column":20},"end":{"line":13,"column":96}},"type":"if","locations":[{"start":{"line":10,"column":20},"end":{"line":13,"column":96}},{"start":{"line":10,"column":20},"end":{"line":13,"column":96}}],"line":10},"4":{"loc":{"start":{"line":11,"column":24},"end":{"line":11,"column":90}},"type":"if","locations":[{"start":{"line":11,"column":24},"end":{"line":11,"column":90}},{"start":{"line":11,"column":24},"end":{"line":11,"column":90}}],"line":11},"5":{"loc":{"start":{"line":12,"column":27},"end":{"line":13,"column":96}},"type":"if","locations":[{"start":{"line":12,"column":27},"end":{"line":13,"column":96}},{"start":{"line":12,"column":27},"end":{"line":13,"column":96}}],"line":12},"6":{"loc":{"start":{"line":13,"column":24},"end":{"line":13,"column":96}},"type":"if","locations":[{"start":{"line":13,"column":24},"end":{"line":13,"column":96}},{"start":{"line":13,"column":24},"end":{"line":13,"column":96}}],"line":13},"7":{"loc":{"start":{"line":14,"column":19},"end":{"line":14,"column":87}},"type":"if","locations":[{"start":{"line":14,"column":19},"end":{"line":14,"column":87}},{"start":{"line":14,"column":19},"end":{"line":14,"column":87}}],"line":14},"8":{"loc":{"start":{"line":21,"column":8},"end":{"line":21,"column":87}},"type":"if","locations":[{"start":{"line":21,"column":8},"end":{"line":21,"column":87}},{"start":{"line":21,"column":8},"end":{"line":21,"column":87}}],"line":21},"9":{"loc":{"start":{"line":27,"column":8},"end":{"line":27,"column":79}},"type":"if","locations":[{"start":{"line":27,"column":8},"end":{"line":27,"column":79}},{"start":{"line":27,"column":8},"end":{"line":27,"column":79}}],"line":27}},"s":{"0":3,"1":3,"2":97,"3":119,"4":107,"5":2,"6":105,"7":105,"8":103,"9":12,"10":2,"11":2,"12":0,"13":12,"14":12,"15":3,"16":3,"17":1,"18":61,"19":61,"20":2,"21":3},"f":{"0":97,"1":119,"2":3,"3":61},"b":{"0":[107,12],"1":[2,105],"2":[105,0],"3":[103,2],"4":[12,91],"5":[2,0],"6":[0,2],"7":[12,0],"8":[1,2],"9":[2,59]},"_coverageSchema":"43e27e138ebf9cfc5966b082cf9a028302ed4184","hash":"a182bf6ab4fc87539349bf12420b863231cd3c58"}
,"C:\\Users\\Edgar\\Documents\\skylab\\bootcamp\\collab\\skylab-bootcamp-201904\\staff\\edgar-frias-jimenez\\cinema-and-go\\cinema-and-go-api\\src\\lib\\maps\\index.js": {"path":"C:\\Users\\Edgar\\Documents\\skylab\\bootcamp\\collab\\skylab-bootcamp-201904\\staff\\edgar-frias-jimenez\\cinema-and-go\\cinema-and-go-api\\src\\lib\\maps\\index.js","statementMap":{"0":{"start":{"line":1,"column":14},"end":{"line":1,"column":30}},"1":{"start":{"line":2,"column":17},"end":{"line":2,"column":49}},"2":{"start":{"line":4,"column":14},"end":{"line":18,"column":1}},"3":{"start":{"line":7,"column":8},"end":{"line":9,"column":10}},"4":{"start":{"line":11,"column":8},"end":{"line":11,"column":25}},"5":{"start":{"line":13,"column":8},"end":{"line":16,"column":12}},"6":{"start":{"line":14,"column":29},"end":{"line":14,"column":49}},"7":{"start":{"line":15,"column":12},"end":{"line":15,"column":23}},"8":{"start":{"line":20,"column":0},"end":{"line":20,"column":22}}},"fnMap":{"0":{"name":"(anonymous_0)","decl":{"start":{"line":6,"column":4},"end":{"line":6,"column":5}},"loc":{"start":{"line":6,"column":17},"end":{"line":17,"column":5}},"line":6},"1":{"name":"(anonymous_1)","decl":{"start":{"line":13,"column":16},"end":{"line":13,"column":17}},"loc":{"start":{"line":13,"column":28},"end":{"line":16,"column":9}},"line":13}},"branchMap":{},"s":{"0":2,"1":2,"2":2,"3":5,"4":4,"5":3,"6":3,"7":3,"8":2},"f":{"0":5,"1":3},"b":{},"_coverageSchema":"43e27e138ebf9cfc5966b082cf9a028302ed4184","hash":"cc9d482df0716077d07e92b0b2ace3aaefdb3667"}
,"C:\\Users\\Edgar\\Documents\\skylab\\bootcamp\\collab\\skylab-bootcamp-201904\\staff\\edgar-frias-jimenez\\cinema-and-go\\cinema-and-go-api\\src\\lib\\scrapper\\index.js": {"path":"C:\\Users\\Edgar\\Documents\\skylab\\bootcamp\\collab\\skylab-bootcamp-201904\\staff\\edgar-frias-jimenez\\cinema-and-go\\cinema-and-go-api\\src\\lib\\scrapper\\index.js","statementMap":{"0":{"start":{"line":1,"column":14},"end":{"line":1,"column":30}},"1":{"start":{"line":2,"column":16},"end":{"line":2,"column":34}},"2":{"start":{"line":3,"column":17},"end":{"line":3,"column":49}},"3":{"start":{"line":5,"column":17},"end":{"line":145,"column":1}},"4":{"start":{"line":14,"column":8},"end":{"line":16,"column":10}},"5":{"start":{"line":18,"column":8},"end":{"line":18,"column":25}},"6":{"start":{"line":20,"column":8},"end":{"line":23,"column":12}},"7":{"start":{"line":21,"column":35},"end":{"line":21,"column":55}},"8":{"start":{"line":22,"column":12},"end":{"line":22,"column":23}},"9":{"start":{"line":27,"column":8},"end":{"line":31,"column":12}},"10":{"start":{"line":28,"column":12},"end":{"line":30,"column":14}},"11":{"start":{"line":29,"column":16},"end":{"line":29,"column":39}},"12":{"start":{"line":53,"column":18},"end":{"line":53,"column":63}},"13":{"start":{"line":55,"column":26},"end":{"line":55,"column":28}},"14":{"start":{"line":57,"column":8},"end":{"line":60,"column":10}},"15":{"start":{"line":58,"column":25},"end":{"line":58,"column":73}},"16":{"start":{"line":59,"column":12},"end":{"line":59,"column":34}},"17":{"start":{"line":62,"column":8},"end":{"line":62,"column":66}},"18":{"start":{"line":62,"column":35},"end":{"line":62,"column":65}},"19":{"start":{"line":64,"column":8},"end":{"line":64,"column":26}},"20":{"start":{"line":69,"column":18},"end":{"line":69,"column":63}},"21":{"start":{"line":71,"column":21},"end":{"line":71,"column":35}},"22":{"start":{"line":72,"column":22},"end":{"line":72,"column":50}},"23":{"start":{"line":73,"column":24},"end":{"line":73,"column":60}},"24":{"start":{"line":74,"column":23},"end":{"line":74,"column":159}},"25":{"start":{"line":74,"column":141},"end":{"line":74,"column":153}},"26":{"start":{"line":76,"column":8},"end":{"line":78,"column":9}},"27":{"start":{"line":76,"column":55},"end":{"line":76,"column":69}},"28":{"start":{"line":77,"column":12},"end":{"line":77,"column":62}},"29":{"start":{"line":80,"column":30},"end":{"line":80,"column":63}},"30":{"start":{"line":82,"column":24},"end":{"line":82,"column":26}},"31":{"start":{"line":84,"column":8},"end":{"line":96,"column":10}},"32":{"start":{"line":85,"column":32},"end":{"line":85,"column":218}},"33":{"start":{"line":87,"column":26},"end":{"line":93,"column":13}},"34":{"start":{"line":95,"column":12},"end":{"line":95,"column":33}},"35":{"start":{"line":98,"column":8},"end":{"line":98,"column":75}},"36":{"start":{"line":116,"column":8},"end":{"line":131,"column":12}},"37":{"start":{"line":117,"column":25},"end":{"line":117,"column":55}},"38":{"start":{"line":118,"column":28},"end":{"line":118,"column":58}},"39":{"start":{"line":120,"column":24},"end":{"line":120,"column":25}},"40":{"start":{"line":122,"column":12},"end":{"line":130,"column":15}},"41":{"start":{"line":123,"column":16},"end":{"line":123,"column":24}},"42":{"start":{"line":124,"column":16},"end":{"line":127,"column":17}},"43":{"start":{"line":125,"column":20},"end":{"line":125,"column":29}},"44":{"start":{"line":126,"column":20},"end":{"line":126,"column":43}},"45":{"start":{"line":128,"column":35},"end":{"line":128,"column":72}},"46":{"start":{"line":129,"column":16},"end":{"line":129,"column":33}},"47":{"start":{"line":138,"column":8},"end":{"line":143,"column":12}},"48":{"start":{"line":139,"column":25},"end":{"line":139,"column":57}},"49":{"start":{"line":140,"column":31},"end":{"line":140,"column":64}},"50":{"start":{"line":141,"column":12},"end":{"line":141,"column":40}},"51":{"start":{"line":142,"column":12},"end":{"line":142,"column":29}},"52":{"start":{"line":147,"column":0},"end":{"line":147,"column":25}}},"fnMap":{"0":{"name":"(anonymous_0)","decl":{"start":{"line":13,"column":4},"end":{"line":13,"column":5}},"loc":{"start":{"line":13,"column":19},"end":{"line":24,"column":5}},"line":13},"1":{"name":"(anonymous_1)","decl":{"start":{"line":20,"column":16},"end":{"line":20,"column":17}},"loc":{"start":{"line":20,"column":28},"end":{"line":23,"column":9}},"line":20},"2":{"name":"(anonymous_2)","decl":{"start":{"line":26,"column":4},"end":{"line":26,"column":5}},"loc":{"start":{"line":26,"column":15},"end":{"line":32,"column":5}},"line":26},"3":{"name":"(anonymous_3)","decl":{"start":{"line":27,"column":16},"end":{"line":27,"column":17}},"loc":{"start":{"line":27,"column":28},"end":{"line":31,"column":9}},"line":27},"4":{"name":"(anonymous_4)","decl":{"start":{"line":28,"column":31},"end":{"line":28,"column":32}},"loc":{"start":{"line":28,"column":42},"end":{"line":30,"column":13}},"line":28},"5":{"name":"(anonymous_5)","decl":{"start":{"line":52,"column":4},"end":{"line":52,"column":5}},"loc":{"start":{"line":52,"column":24},"end":{"line":65,"column":5}},"line":52},"6":{"name":"(anonymous_6)","decl":{"start":{"line":57,"column":69},"end":{"line":57,"column":70}},"loc":{"start":{"line":57,"column":80},"end":{"line":60,"column":9}},"line":57},"7":{"name":"(anonymous_7)","decl":{"start":{"line":62,"column":25},"end":{"line":62,"column":26}},"loc":{"start":{"line":62,"column":35},"end":{"line":62,"column":65}},"line":62},"8":{"name":"(anonymous_8)","decl":{"start":{"line":68,"column":4},"end":{"line":68,"column":5}},"loc":{"start":{"line":68,"column":27},"end":{"line":99,"column":5}},"line":68},"9":{"name":"(anonymous_9)","decl":{"start":{"line":74,"column":133},"end":{"line":74,"column":134}},"loc":{"start":{"line":74,"column":141},"end":{"line":74,"column":153}},"line":74},"10":{"name":"(anonymous_10)","decl":{"start":{"line":76,"column":38},"end":{"line":76,"column":39}},"loc":{"start":{"line":76,"column":55},"end":{"line":76,"column":69}},"line":76},"11":{"name":"(anonymous_11)","decl":{"start":{"line":84,"column":32},"end":{"line":84,"column":33}},"loc":{"start":{"line":84,"column":43},"end":{"line":96,"column":9}},"line":84},"12":{"name":"(anonymous_12)","decl":{"start":{"line":115,"column":4},"end":{"line":115,"column":5}},"loc":{"start":{"line":115,"column":28},"end":{"line":132,"column":5}},"line":115},"13":{"name":"(anonymous_13)","decl":{"start":{"line":116,"column":15},"end":{"line":116,"column":16}},"loc":{"start":{"line":116,"column":27},"end":{"line":131,"column":9}},"line":116},"14":{"name":"(anonymous_14)","decl":{"start":{"line":122,"column":43},"end":{"line":122,"column":44}},"loc":{"start":{"line":122,"column":59},"end":{"line":130,"column":13}},"line":122},"15":{"name":"(anonymous_15)","decl":{"start":{"line":137,"column":4},"end":{"line":137,"column":5}},"loc":{"start":{"line":137,"column":30},"end":{"line":144,"column":5}},"line":137},"16":{"name":"(anonymous_16)","decl":{"start":{"line":138,"column":16},"end":{"line":138,"column":17}},"loc":{"start":{"line":138,"column":28},"end":{"line":143,"column":9}},"line":138}},"branchMap":{"0":{"loc":{"start":{"line":62,"column":35},"end":{"line":62,"column":65}},"type":"cond-expr","locations":[{"start":{"line":62,"column":59},"end":{"line":62,"column":60}},{"start":{"line":62,"column":63},"end":{"line":62,"column":65}}],"line":62},"1":{"loc":{"start":{"line":74,"column":23},"end":{"line":74,"column":159}},"type":"cond-expr","locations":[{"start":{"line":74,"column":59},"end":{"line":74,"column":154}},{"start":{"line":74,"column":157},"end":{"line":74,"column":159}}],"line":74},"2":{"loc":{"start":{"line":76,"column":8},"end":{"line":78,"column":9}},"type":"if","locations":[{"start":{"line":76,"column":8},"end":{"line":78,"column":9}},{"start":{"line":76,"column":8},"end":{"line":78,"column":9}}],"line":76},"3":{"loc":{"start":{"line":124,"column":16},"end":{"line":127,"column":17}},"type":"if","locations":[{"start":{"line":124,"column":16},"end":{"line":127,"column":17}},{"start":{"line":124,"column":16},"end":{"line":127,"column":17}}],"line":124}},"s":{"0":2,"1":2,"2":2,"3":2,"4":58,"5":57,"6":56,"7":56,"8":56,"9":4,"10":4,"11":4,"12":4,"13":4,"14":4,"15":75,"16":75,"17":4,"18":315,"19":4,"20":53,"21":53,"22":53,"23":53,"24":53,"25":104,"26":53,"27":104,"28":3,"29":53,"30":53,"31":53,"32":431,"33":431,"34":431,"35":53,"36":2,"37":2,"38":2,"39":2,"40":2,"41":50,"42":50,"43":4,"44":4,"45":50,"46":50,"47":51,"48":51,"49":51,"50":51,"51":51,"52":2},"f":{"0":58,"1":56,"2":4,"3":4,"4":4,"5":4,"6":75,"7":315,"8":53,"9":104,"10":104,"11":431,"12":2,"13":2,"14":50,"15":51,"16":51},"b":{"0":[180,135],"1":[52,1],"2":[3,50],"3":[4,46]},"_coverageSchema":"43e27e138ebf9cfc5966b082cf9a028302ed4184","hash":"f965ba42273c39cfe218713d928e095dc29a3211"}
,"C:\\Users\\Edgar\\Documents\\skylab\\bootcamp\\collab\\skylab-bootcamp-201904\\staff\\edgar-frias-jimenez\\cinema-and-go\\cinema-and-go-api\\src\\logic\\index.js": {"path":"C:\\Users\\Edgar\\Documents\\skylab\\bootcamp\\collab\\skylab-bootcamp-201904\\staff\\edgar-frias-jimenez\\cinema-and-go\\cinema-and-go-api\\src\\logic\\index.js","statementMap":{"0":{"start":{"line":1,"column":15},"end":{"line":1,"column":32}},"1":{"start":{"line":2,"column":23},"end":{"line":2,"column":50}},"2":{"start":{"line":3,"column":17},"end":{"line":3,"column":46}},"3":{"start":{"line":4,"column":15},"end":{"line":4,"column":55}},"4":{"start":{"line":5,"column":17},"end":{"line":5,"column":43}},"5":{"start":{"line":6,"column":14},"end":{"line":6,"column":36}},"6":{"start":{"line":8,"column":80},"end":{"line":8,"column":86}},"7":{"start":{"line":9,"column":28},"end":{"line":9,"column":36}},"8":{"start":{"line":11,"column":14},"end":{"line":227,"column":1}},"9":{"start":{"line":13,"column":8},"end":{"line":17,"column":10}},"10":{"start":{"line":19,"column":8},"end":{"line":19,"column":29}},"11":{"start":{"line":21,"column":8},"end":{"line":28,"column":12}},"12":{"start":{"line":22,"column":25},"end":{"line":22,"column":61}},"13":{"start":{"line":23,"column":12},"end":{"line":23,"column":87}},"14":{"start":{"line":23,"column":22},"end":{"line":23,"column":87}},"15":{"start":{"line":25,"column":23},"end":{"line":25,"column":54}},"16":{"start":{"line":27,"column":12},"end":{"line":27,"column":69}},"17":{"start":{"line":32,"column":8},"end":{"line":35,"column":10}},"18":{"start":{"line":37,"column":8},"end":{"line":37,"column":29}},"19":{"start":{"line":39,"column":8},"end":{"line":45,"column":12}},"20":{"start":{"line":40,"column":25},"end":{"line":40,"column":61}},"21":{"start":{"line":41,"column":12},"end":{"line":41,"column":89}},"22":{"start":{"line":41,"column":23},"end":{"line":41,"column":89}},"23":{"start":{"line":43,"column":12},"end":{"line":44,"column":58}},"24":{"start":{"line":43,"column":63},"end":{"line":43,"column":77}},"25":{"start":{"line":44,"column":17},"end":{"line":44,"column":58}},"26":{"start":{"line":49,"column":8},"end":{"line":51,"column":10}},"27":{"start":{"line":53,"column":8},"end":{"line":58,"column":12}},"28":{"start":{"line":54,"column":25},"end":{"line":54,"column":91}},"29":{"start":{"line":55,"column":12},"end":{"line":55,"column":83}},"30":{"start":{"line":55,"column":23},"end":{"line":55,"column":83}},"31":{"start":{"line":57,"column":12},"end":{"line":57,"column":23}},"32":{"start":{"line":62,"column":8},"end":{"line":65,"column":10}},"33":{"start":{"line":67,"column":8},"end":{"line":79,"column":12}},"34":{"start":{"line":68,"column":12},"end":{"line":78,"column":13}},"35":{"start":{"line":69,"column":29},"end":{"line":69,"column":110}},"36":{"start":{"line":71,"column":16},"end":{"line":71,"column":49}},"37":{"start":{"line":72,"column":16},"end":{"line":72,"column":33}},"38":{"start":{"line":74,"column":16},"end":{"line":74,"column":29}},"39":{"start":{"line":77,"column":16},"end":{"line":77,"column":76}},"40":{"start":{"line":83,"column":8},"end":{"line":85,"column":10}},"41":{"start":{"line":87,"column":8},"end":{"line":92,"column":12}},"42":{"start":{"line":88,"column":25},"end":{"line":88,"column":48}},"43":{"start":{"line":89,"column":12},"end":{"line":89,"column":82}},"44":{"start":{"line":89,"column":22},"end":{"line":89,"column":82}},"45":{"start":{"line":91,"column":12},"end":{"line":91,"column":51}},"46":{"start":{"line":96,"column":8},"end":{"line":98,"column":12}},"47":{"start":{"line":97,"column":12},"end":{"line":97,"column":59}},"48":{"start":{"line":102,"column":8},"end":{"line":109,"column":12}},"49":{"start":{"line":103,"column":27},"end":{"line":103,"column":57}},"50":{"start":{"line":104,"column":12},"end":{"line":104,"column":41}},"51":{"start":{"line":104,"column":24},"end":{"line":104,"column":41}},"52":{"start":{"line":106,"column":32},"end":{"line":106,"column":78}},"53":{"start":{"line":108,"column":12},"end":{"line":108,"column":34}},"54":{"start":{"line":113,"column":8},"end":{"line":115,"column":12}},"55":{"start":{"line":114,"column":12},"end":{"line":114,"column":66}},"56":{"start":{"line":119,"column":8},"end":{"line":126,"column":12}},"57":{"start":{"line":120,"column":27},"end":{"line":120,"column":57}},"58":{"start":{"line":121,"column":12},"end":{"line":121,"column":41}},"59":{"start":{"line":121,"column":24},"end":{"line":121,"column":41}},"60":{"start":{"line":123,"column":33},"end":{"line":123,"column":153}},"61":{"start":{"line":125,"column":12},"end":{"line":125,"column":35}},"62":{"start":{"line":130,"column":27},"end":{"line":130,"column":73}},"63":{"start":{"line":131,"column":8},"end":{"line":147,"column":12}},"64":{"start":{"line":132,"column":33},"end":{"line":132,"column":73}},"65":{"start":{"line":134,"column":12},"end":{"line":146,"column":13}},"66":{"start":{"line":136,"column":43},"end":{"line":142,"column":21}},"67":{"start":{"line":138,"column":42},"end":{"line":138,"column":90}},"68":{"start":{"line":139,"column":28},"end":{"line":139,"column":36}},"69":{"start":{"line":140,"column":28},"end":{"line":140,"column":94}},"70":{"start":{"line":144,"column":20},"end":{"line":144,"column":99}},"71":{"start":{"line":151,"column":8},"end":{"line":166,"column":12}},"72":{"start":{"line":152,"column":12},"end":{"line":165,"column":14}},"73":{"start":{"line":170,"column":8},"end":{"line":174,"column":12}},"74":{"start":{"line":171,"column":27},"end":{"line":171,"column":79}},"75":{"start":{"line":173,"column":12},"end":{"line":173,"column":28}},"76":{"start":{"line":178,"column":8},"end":{"line":187,"column":12}},"77":{"start":{"line":179,"column":12},"end":{"line":186,"column":14}},"78":{"start":{"line":191,"column":8},"end":{"line":195,"column":12}},"79":{"start":{"line":192,"column":36},"end":{"line":192,"column":187}},"80":{"start":{"line":194,"column":12},"end":{"line":194,"column":34}},"81":{"start":{"line":199,"column":8},"end":{"line":201,"column":12}},"82":{"start":{"line":200,"column":12},"end":{"line":200,"column":71}},"83":{"start":{"line":205,"column":24},"end":{"line":205,"column":158}},"84":{"start":{"line":207,"column":8},"end":{"line":216,"column":12}},"85":{"start":{"line":208,"column":27},"end":{"line":208,"column":29}},"86":{"start":{"line":210,"column":30},"end":{"line":210,"column":58}},"87":{"start":{"line":212,"column":12},"end":{"line":212,"column":72}},"88":{"start":{"line":213,"column":12},"end":{"line":213,"column":72}},"89":{"start":{"line":215,"column":12},"end":{"line":215,"column":25}},"90":{"start":{"line":220,"column":8},"end":{"line":224,"column":12}},"91":{"start":{"line":221,"column":31},"end":{"line":221,"column":119}},"92":{"start":{"line":223,"column":12},"end":{"line":223,"column":29}},"93":{"start":{"line":229,"column":0},"end":{"line":229,"column":22}}},"fnMap":{"0":{"name":"(anonymous_0)","decl":{"start":{"line":12,"column":4},"end":{"line":12,"column":5}},"loc":{"start":{"line":12,"column":40},"end":{"line":29,"column":5}},"line":12},"1":{"name":"(anonymous_1)","decl":{"start":{"line":21,"column":16},"end":{"line":21,"column":17}},"loc":{"start":{"line":21,"column":28},"end":{"line":28,"column":9}},"line":21},"2":{"name":"(anonymous_2)","decl":{"start":{"line":31,"column":4},"end":{"line":31,"column":5}},"loc":{"start":{"line":31,"column":38},"end":{"line":46,"column":5}},"line":31},"3":{"name":"(anonymous_3)","decl":{"start":{"line":39,"column":16},"end":{"line":39,"column":17}},"loc":{"start":{"line":39,"column":28},"end":{"line":45,"column":9}},"line":39},"4":{"name":"(anonymous_4)","decl":{"start":{"line":48,"column":4},"end":{"line":48,"column":5}},"loc":{"start":{"line":48,"column":21},"end":{"line":59,"column":5}},"line":48},"5":{"name":"(anonymous_5)","decl":{"start":{"line":53,"column":16},"end":{"line":53,"column":17}},"loc":{"start":{"line":53,"column":28},"end":{"line":58,"column":9}},"line":53},"6":{"name":"(anonymous_6)","decl":{"start":{"line":61,"column":4},"end":{"line":61,"column":5}},"loc":{"start":{"line":61,"column":25},"end":{"line":80,"column":5}},"line":61},"7":{"name":"(anonymous_7)","decl":{"start":{"line":67,"column":16},"end":{"line":67,"column":17}},"loc":{"start":{"line":67,"column":28},"end":{"line":79,"column":9}},"line":67},"8":{"name":"(anonymous_8)","decl":{"start":{"line":82,"column":4},"end":{"line":82,"column":5}},"loc":{"start":{"line":82,"column":19},"end":{"line":93,"column":5}},"line":82},"9":{"name":"(anonymous_9)","decl":{"start":{"line":87,"column":16},"end":{"line":87,"column":17}},"loc":{"start":{"line":87,"column":28},"end":{"line":92,"column":9}},"line":87},"10":{"name":"(anonymous_10)","decl":{"start":{"line":95,"column":4},"end":{"line":95,"column":5}},"loc":{"start":{"line":95,"column":40},"end":{"line":99,"column":5}},"line":95},"11":{"name":"(anonymous_11)","decl":{"start":{"line":96,"column":15},"end":{"line":96,"column":16}},"loc":{"start":{"line":96,"column":27},"end":{"line":98,"column":9}},"line":96},"12":{"name":"(anonymous_12)","decl":{"start":{"line":101,"column":4},"end":{"line":101,"column":5}},"loc":{"start":{"line":101,"column":42},"end":{"line":110,"column":5}},"line":101},"13":{"name":"(anonymous_13)","decl":{"start":{"line":102,"column":16},"end":{"line":102,"column":17}},"loc":{"start":{"line":102,"column":28},"end":{"line":109,"column":9}},"line":102},"14":{"name":"(anonymous_14)","decl":{"start":{"line":112,"column":4},"end":{"line":112,"column":5}},"loc":{"start":{"line":112,"column":38},"end":{"line":116,"column":5}},"line":112},"15":{"name":"(anonymous_15)","decl":{"start":{"line":113,"column":15},"end":{"line":113,"column":16}},"loc":{"start":{"line":113,"column":27},"end":{"line":115,"column":9}},"line":113},"16":{"name":"(anonymous_16)","decl":{"start":{"line":118,"column":4},"end":{"line":118,"column":5}},"loc":{"start":{"line":118,"column":78},"end":{"line":127,"column":5}},"line":118},"17":{"name":"(anonymous_17)","decl":{"start":{"line":119,"column":16},"end":{"line":119,"column":17}},"loc":{"start":{"line":119,"column":28},"end":{"line":126,"column":9}},"line":119},"18":{"name":"(anonymous_18)","decl":{"start":{"line":129,"column":4},"end":{"line":129,"column":5}},"loc":{"start":{"line":129,"column":24},"end":{"line":148,"column":5}},"line":129},"19":{"name":"(anonymous_19)","decl":{"start":{"line":131,"column":16},"end":{"line":131,"column":17}},"loc":{"start":{"line":131,"column":28},"end":{"line":147,"column":9}},"line":131},"20":{"name":"(anonymous_20)","decl":{"start":{"line":135,"column":33},"end":{"line":135,"column":34}},"loc":{"start":{"line":135,"column":96},"end":{"line":145,"column":17}},"line":135},"21":{"name":"(anonymous_21)","decl":{"start":{"line":137,"column":38},"end":{"line":137,"column":39}},"loc":{"start":{"line":137,"column":89},"end":{"line":141,"column":25}},"line":137},"22":{"name":"(anonymous_22)","decl":{"start":{"line":150,"column":4},"end":{"line":150,"column":5}},"loc":{"start":{"line":150,"column":25},"end":{"line":167,"column":5}},"line":150},"23":{"name":"(anonymous_23)","decl":{"start":{"line":151,"column":16},"end":{"line":151,"column":17}},"loc":{"start":{"line":151,"column":27},"end":{"line":166,"column":9}},"line":151},"24":{"name":"(anonymous_24)","decl":{"start":{"line":169,"column":4},"end":{"line":169,"column":5}},"loc":{"start":{"line":169,"column":23},"end":{"line":175,"column":5}},"line":169},"25":{"name":"(anonymous_25)","decl":{"start":{"line":170,"column":16},"end":{"line":170,"column":17}},"loc":{"start":{"line":170,"column":27},"end":{"line":174,"column":9}},"line":170},"26":{"name":"(anonymous_26)","decl":{"start":{"line":177,"column":4},"end":{"line":177,"column":5}},"loc":{"start":{"line":177,"column":34},"end":{"line":188,"column":5}},"line":177},"27":{"name":"(anonymous_27)","decl":{"start":{"line":178,"column":16},"end":{"line":178,"column":17}},"loc":{"start":{"line":178,"column":27},"end":{"line":187,"column":9}},"line":178},"28":{"name":"(anonymous_28)","decl":{"start":{"line":190,"column":4},"end":{"line":190,"column":5}},"loc":{"start":{"line":190,"column":43},"end":{"line":196,"column":5}},"line":190},"29":{"name":"(anonymous_29)","decl":{"start":{"line":191,"column":16},"end":{"line":191,"column":17}},"loc":{"start":{"line":191,"column":28},"end":{"line":195,"column":9}},"line":191},"30":{"name":"(anonymous_30)","decl":{"start":{"line":198,"column":4},"end":{"line":198,"column":5}},"loc":{"start":{"line":198,"column":61},"end":{"line":202,"column":5}},"line":198},"31":{"name":"(anonymous_31)","decl":{"start":{"line":199,"column":15},"end":{"line":199,"column":16}},"loc":{"start":{"line":199,"column":27},"end":{"line":201,"column":9}},"line":199},"32":{"name":"(anonymous_32)","decl":{"start":{"line":204,"column":4},"end":{"line":204,"column":5}},"loc":{"start":{"line":204,"column":60},"end":{"line":217,"column":5}},"line":204},"33":{"name":"(anonymous_33)","decl":{"start":{"line":207,"column":16},"end":{"line":207,"column":17}},"loc":{"start":{"line":207,"column":28},"end":{"line":216,"column":9}},"line":207},"34":{"name":"(anonymous_34)","decl":{"start":{"line":219,"column":4},"end":{"line":219,"column":5}},"loc":{"start":{"line":219,"column":45},"end":{"line":225,"column":5}},"line":219},"35":{"name":"(anonymous_35)","decl":{"start":{"line":220,"column":15},"end":{"line":220,"column":16}},"loc":{"start":{"line":220,"column":27},"end":{"line":224,"column":9}},"line":220}},"branchMap":{"0":{"loc":{"start":{"line":23,"column":12},"end":{"line":23,"column":87}},"type":"if","locations":[{"start":{"line":23,"column":12},"end":{"line":23,"column":87}},{"start":{"line":23,"column":12},"end":{"line":23,"column":87}}],"line":23},"1":{"loc":{"start":{"line":41,"column":12},"end":{"line":41,"column":89}},"type":"if","locations":[{"start":{"line":41,"column":12},"end":{"line":41,"column":89}},{"start":{"line":41,"column":12},"end":{"line":41,"column":89}}],"line":41},"2":{"loc":{"start":{"line":43,"column":12},"end":{"line":44,"column":58}},"type":"if","locations":[{"start":{"line":43,"column":12},"end":{"line":44,"column":58}},{"start":{"line":43,"column":12},"end":{"line":44,"column":58}}],"line":43},"3":{"loc":{"start":{"line":55,"column":12},"end":{"line":55,"column":83}},"type":"if","locations":[{"start":{"line":55,"column":12},"end":{"line":55,"column":83}},{"start":{"line":55,"column":12},"end":{"line":55,"column":83}}],"line":55},"4":{"loc":{"start":{"line":89,"column":12},"end":{"line":89,"column":82}},"type":"if","locations":[{"start":{"line":89,"column":12},"end":{"line":89,"column":82}},{"start":{"line":89,"column":12},"end":{"line":89,"column":82}}],"line":89},"5":{"loc":{"start":{"line":104,"column":12},"end":{"line":104,"column":41}},"type":"if","locations":[{"start":{"line":104,"column":12},"end":{"line":104,"column":41}},{"start":{"line":104,"column":12},"end":{"line":104,"column":41}}],"line":104},"6":{"loc":{"start":{"line":121,"column":12},"end":{"line":121,"column":41}},"type":"if","locations":[{"start":{"line":121,"column":12},"end":{"line":121,"column":41}},{"start":{"line":121,"column":12},"end":{"line":121,"column":41}}],"line":121}},"s":{"0":1,"1":1,"2":1,"3":1,"4":1,"5":1,"6":1,"7":1,"8":1,"9":14,"10":2,"11":1,"12":1,"13":1,"14":0,"15":1,"16":1,"17":1,"18":1,"19":1,"20":1,"21":1,"22":0,"23":1,"24":1,"25":0,"26":3,"27":3,"28":3,"29":3,"30":1,"31":2,"32":10,"33":2,"34":2,"35":2,"36":1,"37":1,"38":1,"39":1,"40":6,"41":2,"42":2,"43":1,"44":0,"45":1,"46":1,"47":1,"48":205,"49":205,"50":205,"51":0,"52":205,"53":205,"54":204,"55":204,"56":25,"57":25,"58":25,"59":0,"60":25,"61":25,"62":1,"63":1,"64":1,"65":1,"66":25,"67":203,"68":203,"69":203,"70":25,"71":1,"72":1,"73":0,"74":0,"75":0,"76":0,"77":0,"78":0,"79":0,"80":0,"81":1,"82":1,"83":2,"84":2,"85":2,"86":2,"87":2,"88":0,"89":0,"90":0,"91":0,"92":0,"93":1},"f":{"0":14,"1":1,"2":1,"3":1,"4":3,"5":3,"6":10,"7":2,"8":6,"9":2,"10":1,"11":1,"12":205,"13":205,"14":204,"15":204,"16":25,"17":25,"18":1,"19":1,"20":25,"21":203,"22":1,"23":1,"24":0,"25":0,"26":0,"27":0,"28":0,"29":0,"30":1,"31":1,"32":2,"33":2,"34":0,"35":0},"b":{"0":[0,1],"1":[0,1],"2":[1,0],"3":[1,2],"4":[0,1],"5":[0,205],"6":[0,25]},"_coverageSchema":"43e27e138ebf9cfc5966b082cf9a028302ed4184","hash":"967ffdc3af73ecaf2fc969d574519703f34314b0"}
}
