TN:
SF:C:\Users\Edgar\Documents\skylab\bootcamp\collab\skylab-bootcamp-201904\staff\edgar-frias-jimenez\cinema-and-go\cinema-and-go-api\src\common\errors\index.js
FN:4,(anonymous_0)
FN:10,(anonymous_1)
FN:16,(anonymous_2)
FN:22,(anonymous_3)
FN:28,(anonymous_4)
FN:34,(anonymous_5)
FN:40,(anonymous_6)
FN:46,(anonymous_7)
FN:52,(anonymous_8)
FN:58,(anonymous_9)
FN:64,(anonymous_10)
FNF:11
FNH:4
FNDA:12,(anonymous_0)
FNDA:3,(anonymous_1)
FNDA:12,(anonymous_2)
FNDA:0,(anonymous_3)
FNDA:0,(anonymous_4)
FNDA:2,(anonymous_5)
FNDA:0,(anonymous_6)
FNDA:0,(anonymous_7)
FNDA:0,(anonymous_8)
FNDA:0,(anonymous_9)
FNDA:0,(anonymous_10)
DA:5,12
DA:11,3
DA:17,12
DA:23,0
DA:29,0
DA:35,2
DA:41,0
DA:47,0
DA:53,0
DA:59,0
DA:65,0
DA:69,3
LF:12
LH:5
BRF:0
BRH:0
end_of_record
TN:
SF:C:\Users\Edgar\Documents\skylab\bootcamp\collab\skylab-bootcamp-201904\staff\edgar-frias-jimenez\cinema-and-go\cinema-and-go-api\src\common\validate\index.js
FN:4,(anonymous_0)
FN:5,(anonymous_1)
FN:18,(anonymous_2)
FN:24,(anonymous_3)
FNF:4
FNH:4
FNDA:97,(anonymous_0)
FNDA:119,(anonymous_1)
FNDA:3,(anonymous_2)
FNDA:61,(anonymous_3)
DA:1,3
DA:3,3
DA:5,97
DA:6,119
DA:7,107
DA:9,105
DA:10,105
DA:11,103
DA:12,2
DA:13,2
DA:14,12
DA:19,3
DA:21,3
DA:25,61
DA:27,61
DA:31,3
LF:16
LH:16
BRDA:6,0,0,107
BRDA:6,0,1,12
BRDA:7,1,0,2
BRDA:7,1,1,105
BRDA:9,2,0,105
BRDA:9,2,1,0
BRDA:10,3,0,103
BRDA:10,3,1,2
BRDA:11,4,0,12
BRDA:11,4,1,91
BRDA:12,5,0,2
BRDA:12,5,1,0
BRDA:13,6,0,0
BRDA:13,6,1,2
BRDA:14,7,0,12
BRDA:14,7,1,0
BRDA:21,8,0,1
BRDA:21,8,1,2
BRDA:27,9,0,2
BRDA:27,9,1,59
BRF:20
BRH:16
end_of_record
TN:
SF:C:\Users\Edgar\Documents\skylab\bootcamp\collab\skylab-bootcamp-201904\staff\edgar-frias-jimenez\cinema-and-go\cinema-and-go-api\src\lib\maps\index.js
FN:6,(anonymous_0)
FN:13,(anonymous_1)
FNF:2
FNH:2
FNDA:5,(anonymous_0)
FNDA:3,(anonymous_1)
DA:1,2
DA:2,2
DA:4,2
DA:7,5
DA:11,4
DA:13,3
DA:14,3
DA:15,3
DA:20,2
LF:9
LH:9
BRF:0
BRH:0
end_of_record
TN:
SF:C:\Users\Edgar\Documents\skylab\bootcamp\collab\skylab-bootcamp-201904\staff\edgar-frias-jimenez\cinema-and-go\cinema-and-go-api\src\lib\scrapper\index.js
FN:13,(anonymous_0)
FN:20,(anonymous_1)
FN:26,(anonymous_2)
FN:27,(anonymous_3)
FN:28,(anonymous_4)
FN:52,(anonymous_5)
FN:57,(anonymous_6)
FN:62,(anonymous_7)
FN:68,(anonymous_8)
FN:74,(anonymous_9)
FN:76,(anonymous_10)
FN:84,(anonymous_11)
FN:115,(anonymous_12)
FN:116,(anonymous_13)
FN:122,(anonymous_14)
FN:137,(anonymous_15)
FN:138,(anonymous_16)
FNF:17
FNH:17
FNDA:58,(anonymous_0)
FNDA:56,(anonymous_1)
FNDA:4,(anonymous_2)
FNDA:4,(anonymous_3)
FNDA:4,(anonymous_4)
FNDA:4,(anonymous_5)
FNDA:75,(anonymous_6)
FNDA:315,(anonymous_7)
FNDA:53,(anonymous_8)
FNDA:104,(anonymous_9)
FNDA:104,(anonymous_10)
FNDA:431,(anonymous_11)
FNDA:2,(anonymous_12)
FNDA:2,(anonymous_13)
FNDA:50,(anonymous_14)
FNDA:51,(anonymous_15)
FNDA:51,(anonymous_16)
DA:1,2
DA:2,2
DA:3,2
DA:5,2
DA:14,58
DA:18,57
DA:20,56
DA:21,56
DA:22,56
DA:27,4
DA:28,4
DA:29,4
DA:53,4
DA:55,4
DA:57,4
DA:58,75
DA:59,75
DA:62,315
DA:64,4
DA:69,53
DA:71,53
DA:72,53
DA:73,53
DA:74,104
DA:76,104
DA:77,3
DA:80,53
DA:82,53
DA:84,53
DA:85,431
DA:87,431
DA:95,431
DA:98,53
DA:116,2
DA:117,2
DA:118,2
DA:120,2
DA:122,2
DA:123,50
DA:124,50
DA:125,4
DA:126,4
DA:128,50
DA:129,50
DA:138,51
DA:139,51
DA:140,51
DA:141,51
DA:142,51
DA:147,2
LF:50
LH:50
BRDA:62,0,0,180
BRDA:62,0,1,135
BRDA:74,1,0,52
BRDA:74,1,1,1
BRDA:76,2,0,3
BRDA:76,2,1,50
BRDA:124,3,0,4
BRDA:124,3,1,46
BRF:8
BRH:8
end_of_record
TN:
SF:C:\Users\Edgar\Documents\skylab\bootcamp\collab\skylab-bootcamp-201904\staff\edgar-frias-jimenez\cinema-and-go\cinema-and-go-api\src\logic\index.js
FN:12,(anonymous_0)
FN:21,(anonymous_1)
FN:31,(anonymous_2)
FN:39,(anonymous_3)
FN:48,(anonymous_4)
FN:53,(anonymous_5)
FN:61,(anonymous_6)
FN:67,(anonymous_7)
FN:82,(anonymous_8)
FN:87,(anonymous_9)
FN:95,(anonymous_10)
FN:96,(anonymous_11)
FN:101,(anonymous_12)
FN:102,(anonymous_13)
FN:112,(anonymous_14)
FN:113,(anonymous_15)
FN:118,(anonymous_16)
FN:119,(anonymous_17)
FN:129,(anonymous_18)
FN:131,(anonymous_19)
FN:135,(anonymous_20)
FN:137,(anonymous_21)
FN:150,(anonymous_22)
FN:151,(anonymous_23)
FN:169,(anonymous_24)
FN:170,(anonymous_25)
FN:177,(anonymous_26)
FN:178,(anonymous_27)
FN:190,(anonymous_28)
FN:191,(anonymous_29)
FN:198,(anonymous_30)
FN:199,(anonymous_31)
FN:204,(anonymous_32)
FN:207,(anonymous_33)
FN:219,(anonymous_34)
FN:220,(anonymous_35)
FNF:36
FNH:28
FNDA:14,(anonymous_0)
FNDA:1,(anonymous_1)
FNDA:1,(anonymous_2)
FNDA:1,(anonymous_3)
FNDA:3,(anonymous_4)
FNDA:3,(anonymous_5)
FNDA:10,(anonymous_6)
FNDA:2,(anonymous_7)
FNDA:6,(anonymous_8)
FNDA:2,(anonymous_9)
FNDA:1,(anonymous_10)
FNDA:1,(anonymous_11)
FNDA:205,(anonymous_12)
FNDA:205,(anonymous_13)
FNDA:204,(anonymous_14)
FNDA:204,(anonymous_15)
FNDA:25,(anonymous_16)
FNDA:25,(anonymous_17)
FNDA:1,(anonymous_18)
FNDA:1,(anonymous_19)
FNDA:25,(anonymous_20)
FNDA:203,(anonymous_21)
FNDA:1,(anonymous_22)
FNDA:1,(anonymous_23)
FNDA:0,(anonymous_24)
FNDA:0,(anonymous_25)
FNDA:0,(anonymous_26)
FNDA:0,(anonymous_27)
FNDA:0,(anonymous_28)
FNDA:0,(anonymous_29)
FNDA:1,(anonymous_30)
FNDA:1,(anonymous_31)
FNDA:2,(anonymous_32)
FNDA:2,(anonymous_33)
FNDA:0,(anonymous_34)
FNDA:0,(anonymous_35)
DA:1,1
DA:2,1
DA:3,1
DA:4,1
DA:5,1
DA:6,1
DA:8,1
DA:9,1
DA:11,1
DA:13,14
DA:19,2
DA:21,1
DA:22,1
DA:23,1
DA:25,1
DA:27,1
DA:32,1
DA:37,1
DA:39,1
DA:40,1
DA:41,1
DA:43,1
DA:44,0
DA:49,3
DA:53,3
DA:54,3
DA:55,3
DA:57,2
DA:62,10
DA:67,2
DA:68,2
DA:69,2
DA:71,1
DA:72,1
DA:74,1
DA:77,1
DA:83,6
DA:87,2
DA:88,2
DA:89,1
DA:91,1
DA:96,1
DA:97,1
DA:102,205
DA:103,205
DA:104,205
DA:106,205
DA:108,205
DA:113,204
DA:114,204
DA:119,25
DA:120,25
DA:121,25
DA:123,25
DA:125,25
DA:130,1
DA:131,1
DA:132,1
DA:134,1
DA:136,25
DA:138,203
DA:139,203
DA:140,203
DA:144,25
DA:151,1
DA:152,1
DA:170,0
DA:171,0
DA:173,0
DA:178,0
DA:179,0
DA:191,0
DA:192,0
DA:194,0
DA:199,1
DA:200,1
DA:205,2
DA:207,2
DA:208,2
DA:210,2
DA:212,2
DA:213,0
DA:215,0
DA:220,0
DA:221,0
DA:223,0
DA:229,1
LF:87
LH:73
BRDA:23,0,0,0
BRDA:23,0,1,1
BRDA:41,1,0,0
BRDA:41,1,1,1
BRDA:43,2,0,1
BRDA:43,2,1,0
BRDA:55,3,0,1
BRDA:55,3,1,2
BRDA:89,4,0,0
BRDA:89,4,1,1
BRDA:104,5,0,0
BRDA:104,5,1,205
BRDA:121,6,0,0
BRDA:121,6,1,25
BRF:14
BRH:8
end_of_record
